{"numFailedTestSuites":1,"numFailedTests":1,"numPassedTestSuites":0,"numPassedTests":7,"numPendingTestSuites":0,"numPendingTests":0,"numRuntimeErrorTestSuites":0,"numTodoTests":0,"numTotalTestSuites":1,"numTotalTests":8,"openHandles":[],"snapshot":{"added":0,"didUpdate":false,"failure":false,"filesAdded":0,"filesRemoved":0,"filesRemovedList":[],"filesUnmatched":0,"filesUpdated":0,"matched":0,"total":0,"unchecked":0,"uncheckedKeysByFile":[],"unmatched":0,"updated":0},"startTime":1775106982123,"success":false,"testResults":[{"assertionResults":[{"ancestorTitles":["OperatorConsoleServer Integration Tests","Automation API"],"duration":27,"failureDetails":[],"failureMessages":[],"fullName":"OperatorConsoleServer Integration Tests Automation API GET /api/v1/automations: list rules","invocations":1,"location":null,"numPassingAsserts":2,"retryReasons":[],"status":"passed","title":"GET /api/v1/automations: list rules"},{"ancestorTitles":["OperatorConsoleServer Integration Tests","Automation API"],"duration":8,"failureDetails":[{"matcherResult":{"actual":400,"expected":200,"message":"\u001b[2mexpect(\u001b[22m\u001b[31mreceived\u001b[39m\u001b[2m).\u001b[22mtoBe\u001b[2m(\u001b[22m\u001b[32mexpected\u001b[39m\u001b[2m) // Object.is equality\u001b[22m\n\nExpected: \u001b[32m200\u001b[39m\nReceived: \u001b[31m400\u001b[39m","name":"toBe","pass":false}}],"failureMessages":["Error: \u001b[2mexpect(\u001b[22m\u001b[31mreceived\u001b[39m\u001b[2m).\u001b[22mtoBe\u001b[2m(\u001b[22m\u001b[32mexpected\u001b[39m\u001b[2m) // Object.is equality\u001b[22m\n\nExpected: \u001b[32m200\u001b[39m\nReceived: \u001b[31m400\u001b[39m\n    at Object.<anonymous> (C:\\Users\\ocuen\\Developer\\Nezu\\homepilot\\__tests__\\OperatorConsoleServer.test.ts:65:26)\n    at processTicksAndRejections (node:internal/process/task_queues:105:5)"],"fullName":"OperatorConsoleServer Integration Tests Automation API PATCH /api/v1/automations/:id: update name","invocations":1,"location":null,"numPassingAsserts":0,"retryReasons":[],"status":"failed","title":"PATCH /api/v1/automations/:id: update name"},{"ancestorTitles":["OperatorConsoleServer Integration Tests","Automation API"],"duration":3,"failureDetails":[],"failureMessages":[],"fullName":"OperatorConsoleServer Integration Tests Automation API PATCH /api/v1/automations/:id: 400 loop","invocations":1,"location":null,"numPassingAsserts":1,"retryReasons":[],"status":"passed","title":"PATCH /api/v1/automations/:id: 400 loop"},{"ancestorTitles":["OperatorConsoleServer Integration Tests","Automation API"],"duration":3,"failureDetails":[],"failureMessages":[],"fullName":"OperatorConsoleServer Integration Tests Automation API PATCH /api/v1/automations/:id/disable: deactivate rule","invocations":1,"location":null,"numPassingAsserts":2,"retryReasons":[],"status":"passed","title":"PATCH /api/v1/automations/:id/disable: deactivate rule"},{"ancestorTitles":["OperatorConsoleServer Integration Tests","Automation API"],"duration":2,"failureDetails":[],"failureMessages":[],"fullName":"OperatorConsoleServer Integration Tests Automation API DELETE /api/v1/automations/:id: success","invocations":1,"location":null,"numPassingAsserts":2,"retryReasons":[],"status":"passed","title":"DELETE /api/v1/automations/:id: success"},{"ancestorTitles":["OperatorConsoleServer Integration Tests","Automation API"],"duration":2,"failureDetails":[],"failureMessages":[],"fullName":"OperatorConsoleServer Integration Tests Automation API PATCH /api/v1/automations/:id: 404","invocations":1,"location":null,"numPassingAsserts":1,"retryReasons":[],"status":"passed","title":"PATCH /api/v1/automations/:id: 404"},{"ancestorTitles":["OperatorConsoleServer Integration Tests","Device API"],"duration":8,"failureDetails":[],"failureMessages":[],"fullName":"OperatorConsoleServer Integration Tests Device API POST /api/v1/devices/:id/command: success","invocations":1,"location":null,"numPassingAsserts":1,"retryReasons":[],"status":"passed","title":"POST /api/v1/devices/:id/command: success"},{"ancestorTitles":["OperatorConsoleServer Integration Tests","Device API"],"duration":2,"failureDetails":[],"failureMessages":[],"fullName":"OperatorConsoleServer Integration Tests Device API POST /api/v1/devices/:id/assign: 404 room","invocations":1,"location":null,"numPassingAsserts":1,"retryReasons":[],"status":"passed","title":"POST /api/v1/devices/:id/assign: 404 room"}],"endTime":1775106983444,"message":"\u001b[1m\u001b[31m  \u001b[1m● \u001b[22m\u001b[1mOperatorConsoleServer Integration Tests › Automation API › PATCH /api/v1/automations/:id: update name\u001b[39m\u001b[22m\n\n    \u001b[2mexpect(\u001b[22m\u001b[31mreceived\u001b[39m\u001b[2m).\u001b[22mtoBe\u001b[2m(\u001b[22m\u001b[32mexpected\u001b[39m\u001b[2m) // Object.is equality\u001b[22m\n\n    Expected: \u001b[32m200\u001b[39m\n    Received: \u001b[31m400\u001b[39m\n\u001b[2m\u001b[22m\n\u001b[2m    \u001b[0m \u001b[90m 63 |\u001b[39m         body\u001b[33m:\u001b[39m \u001b[33mJSON\u001b[39m\u001b[33m.\u001b[39mstringify({ name\u001b[33m:\u001b[39m \u001b[32m'Updated Name'\u001b[39m })\u001b[22m\n\u001b[2m     \u001b[90m 64 |\u001b[39m       })\u001b[33m;\u001b[39m\u001b[22m\n\u001b[2m    \u001b[31m\u001b[1m>\u001b[22m\u001b[2m\u001b[39m\u001b[90m 65 |\u001b[39m       expect(res\u001b[33m.\u001b[39mstatus)\u001b[33m.\u001b[39mtoBe(\u001b[35m200\u001b[39m)\u001b[33m;\u001b[39m\u001b[22m\n\u001b[2m     \u001b[90m    |\u001b[39m                          \u001b[31m\u001b[1m^\u001b[22m\u001b[2m\u001b[39m\u001b[22m\n\u001b[2m     \u001b[90m 66 |\u001b[39m       \u001b[36mconst\u001b[39m data \u001b[33m=\u001b[39m (\u001b[36mawait\u001b[39m res\u001b[33m.\u001b[39mjson()) \u001b[36mas\u001b[39m \u001b[33mAutomationRule\u001b[39m\u001b[33m;\u001b[39m\u001b[22m\n\u001b[2m     \u001b[90m 67 |\u001b[39m       expect(data\u001b[33m.\u001b[39mname)\u001b[33m.\u001b[39mtoBe(\u001b[32m'Updated Name'\u001b[39m)\u001b[33m;\u001b[39m\u001b[22m\n\u001b[2m     \u001b[90m 68 |\u001b[39m     })\u001b[33m;\u001b[39m\u001b[0m\u001b[22m\n\u001b[2m\u001b[22m\n\u001b[2m      \u001b[2mat Object.<anonymous> (\u001b[22m\u001b[2m\u001b[0m\u001b[36m__tests__/OperatorConsoleServer.test.ts\u001b[39m\u001b[0m\u001b[2m:65:26)\u001b[22m\u001b[2m\u001b[22m\n","name":"C:\\Users\\ocuen\\Developer\\Nezu\\homepilot\\__tests__\\OperatorConsoleServer.test.ts","startTime":1775106982330,"status":"failed","summary":""}],"wasInterrupted":false}
